{"level":"error","message":"connection error: MongooseError: The `uri` parameter to `openUri()` must be a string, got \"undefined\". Make sure the first parameter to `mongoose.connect()` or `mongoose.createConnection()` is a string.","timestamp":"2022-02-13 09:40:30 PM +0200"}
{"level":"error","message":"connection error: MongooseError: The `uri` parameter to `openUri()` must be a string, got \"undefined\". Make sure the first parameter to `mongoose.connect()` or `mongoose.createConnection()` is a string.","timestamp":"2022-02-13 09:40:54 PM +0200"}
{"level":"error","message":"Error Getting user from db:ReferenceError: jwt is not defined","timestamp":"2022-02-13 10:18:18 PM +0200"}
{"level":"error","message":"Error Getting user from db:Error: secretOrPrivateKey must have a value","timestamp":"2022-02-13 10:19:50 PM +0200"}
{"level":"error","message":"Error Getting user from db:Error: secretOrPrivateKey must have a value","timestamp":"2022-02-13 10:21:22 PM +0200"}
{"level":"error","message":"Error Getting user from db:Error: secretOrPrivateKey must have a value","timestamp":"2022-02-13 10:21:39 PM +0200"}
{"level":"error","message":"Error Getting user from db:Error: secretOrPrivateKey must have a value","timestamp":"2022-02-13 10:22:20 PM +0200"}
{"level":"error","message":"Error Getting user from db:ReferenceError: secret is not defined","timestamp":"2022-02-13 10:22:34 PM +0200"}
{"level":"error","message":"connection error: MongooseError: The `uri` parameter to `openUri()` must be a string, got \"undefined\". Make sure the first parameter to `mongoose.connect()` or `mongoose.createConnection()` is a string.","timestamp":"2022-02-14 02:39:36 PM +0200"}
{"level":"error","message":"Error Getting user from db:TypeError: couponService.getCoupon is not a function","timestamp":"2022-02-14 03:13:56 PM +0200"}
{"level":"error","message":"Error Getting user from db:TypeError: couponService.getCoupon is not a function","timestamp":"2022-02-14 03:17:45 PM +0200"}
{"level":"error","message":"Error Getting user from db:TypeError: couponService.getCoupon is not a function","timestamp":"2022-02-14 03:18:30 PM +0200"}
{"level":"error","message":"Error Getting user from db:TypeError: couponService.getCoupon is not a function","timestamp":"2022-02-14 03:21:35 PM +0200"}
{"level":"error","message":"Error adding coupon 620a4fd5b0cfe5d387a3922f to user 620963816f1cdb5a6f1bda60","timestamp":"2022-02-14 03:22:18 PM +0200"}
{"level":"error","message":"Error adding coupon 620a4fd5b0cfe5d387a3922f to user 620963816f1cdb5a6f1bda60","timestamp":"2022-02-14 03:22:37 PM +0200"}
{"level":"error","message":"Error adding coupon 620a4fd5b0cfe5d387a3922f to user 620963816f1cdb5a6f1bda60","timestamp":"2022-02-14 03:23:07 PM +0200"}
{"level":"error","message":"Error Getting user from db:TypeError: Cannot read property 'then' of undefined","timestamp":"2022-02-14 03:24:43 PM +0200"}
{"level":"error","message":"Error Getting user from db:TypeError: Cannot read property 'then' of undefined","timestamp":"2022-02-14 03:25:25 PM +0200"}
{"level":"error","message":"User 620963816f1cdb5a6f1bda60 doesn't have enough points to buy coupon 620a4fd5b0cfe5d387a3922f","timestamp":"2022-02-14 03:27:05 PM +0200"}
{"level":"error","message":"User 620963816f1cdb5a6f1bda60 doesn't have enough points to buy coupon 620a4fd5b0cfe5d387a3922f","timestamp":"2022-02-14 03:33:34 PM +0200"}
{"level":"error","message":"User 620963816f1cdb5a6f1bda60 doesn't have enough points to buy coupon 620a5048b0cfe5d387a39230","timestamp":"2022-02-14 03:47:45 PM +0200"}
{"level":"error","message":"User 620963816f1cdb5a6f1bda60 doesn't have enough points to buy coupon 620a5048b0cfe5d387a39230","timestamp":"2022-02-14 04:13:24 PM +0200"}
{"level":"error","message":"Error getting the data from db:TypeError: Cannot read property 'isModerator' of undefined","timestamp":"2022-02-14 04:44:06 PM +0200"}
{"level":"error","message":"Error getting the data from db:TypeError: Cannot read property 'isModerator' of undefined","timestamp":"2022-02-14 04:44:14 PM +0200"}
{"level":"error","message":"Missing Parameters Please send all Parameters ","timestamp":"2022-02-14 08:18:00 PM +0200"}
{"level":"error","message":"Error Deleting coupon no:2 ","timestamp":"2022-02-14 08:20:31 PM +0200"}
{"level":"error","message":"User 620aa84bd64966d900ebc8a2 doesn't have enough points to buy coupon 620a4fd5b0cfe5d387a3922f","timestamp":"2022-02-14 09:28:49 PM +0200"}
{"level":"error","message":"User 620aa84bd64966d900ebc8a2 doesn't have enough points to buy coupon 620a5048b0cfe5d387a39230","timestamp":"2022-02-14 09:28:51 PM +0200"}
{"level":"error","message":"User 620aa84bd64966d900ebc8a2 doesn't have enough points to buy coupon 620a9df2203c3228c7526097","timestamp":"2022-02-14 09:28:53 PM +0200"}
{"level":"error","message":"Wrong user email please enter correct email","timestamp":"2023-02-16 11:32:11 PM +0200"}
{"level":"error","message":"Wrong user email please enter correct email","timestamp":"2023-02-16 11:32:16 PM +0200"}
{"level":"error","message":"Wrong user email please enter correct email","timestamp":"2023-02-16 11:32:24 PM +0200"}
{"level":"error","message":"Wrong user email please enter correct email","timestamp":"2023-02-16 11:32:28 PM +0200"}
{"level":"error","message":"Wrong user email please enter correct email","timestamp":"2023-02-16 11:32:32 PM +0200"}
{"level":"error","message":"Wrong user email please enter correct email","timestamp":"2023-02-16 11:32:37 PM +0200"}
{"level":"error","message":"Wrong user email please enter correct email","timestamp":"2023-02-16 11:32:41 PM +0200"}
{"level":"error","message":"Wrong user email please enter correct email","timestamp":"2023-02-16 11:35:35 PM +0200"}
{"level":"error","message":"Wrong user email please enter correct email","timestamp":"2023-02-16 11:35:37 PM +0200"}
{"level":"error","message":"Wrong user email please enter correct email","timestamp":"2023-02-16 11:35:43 PM +0200"}
{"level":"error","message":"Wrong user email please enter correct email","timestamp":"2023-02-16 11:35:46 PM +0200"}
{"level":"error","message":"Wrong user email please enter correct email","timestamp":"2023-02-16 11:35:50 PM +0200"}
{"level":"error","message":"Wrong user email please enter correct email","timestamp":"2023-02-16 11:39:28 PM +0200"}
{"level":"error","message":"Wrong user email please enter correct email","timestamp":"2023-02-16 11:39:30 PM +0200"}
{"level":"error","message":"Wrong user email please enter correct email","timestamp":"2023-02-16 11:39:31 PM +0200"}
{"level":"error","message":"Wrong user email please enter correct email","timestamp":"2023-02-17 12:11:57 AM +0200"}
{"level":"error","message":"Wrong user email please enter correct email","timestamp":"2023-02-17 12:12:03 AM +0200"}
{"level":"error","message":"Wrong user email please enter correct email","timestamp":"2023-02-17 12:12:06 AM +0200"}
{"level":"error","message":"Wrong user email please enter correct email","timestamp":"2023-02-17 12:12:10 AM +0200"}
{"level":"error","message":"Wrong user email please enter correct email","timestamp":"2023-02-17 12:12:14 AM +0200"}
{"level":"error","message":"Wrong user email please enter correct email","timestamp":"2023-02-17 12:12:17 AM +0200"}
{"level":"error","message":"Wrong user email please enter correct email","timestamp":"2023-02-17 12:12:19 AM +0200"}
{"level":"error","message":"Wrong user email please enter correct email","timestamp":"2023-02-17 12:12:53 AM +0200"}
{"level":"error","message":"Wrong user email please enter correct email","timestamp":"2023-02-17 12:13:08 AM +0200"}
{"level":"error","message":"Wrong user email please enter correct email","timestamp":"2023-02-17 12:13:34 AM +0200"}
{"level":"error","message":"connection error: MongoAPIError: URI must include hostname, domain name, and tld","timestamp":"2023-02-17 02:58:06 PM +0200"}
{"level":"error","message":"connection error: MongoAPIError: URI must include hostname, domain name, and tld","timestamp":"2023-02-17 02:59:05 PM +0200"}
{"level":"error","message":"connection error: MongoAPIError: URI must include hostname, domain name, and tld","timestamp":"2023-02-17 03:00:41 PM +0200"}
{"level":"error","message":"connection error: MongoAPIError: URI must include hostname, domain name, and tld","timestamp":"2023-02-17 03:00:43 PM +0200"}
{"level":"error","message":"connection error: MongoServerError: bad auth : authentication failed","timestamp":"2023-02-17 03:02:10 PM +0200"}
{"level":"error","message":"Missing Parameters Please send all Parameters ","timestamp":"2023-02-19 05:21:57 PM +0200"}
{"level":"error","message":"Missing Parameters Please send all Parameters ","timestamp":"2023-02-19 05:23:02 PM +0200"}
{"level":"error","message":"Missing Parameters Please send all Parameters ","timestamp":"2023-02-19 05:23:49 PM +0200"}
{"level":"error","message":"Missing Parameters Please send all Parameters ","timestamp":"2023-02-19 05:24:26 PM +0200"}
{"level":"error","message":"Missing Parameters Please send all Parameters ","timestamp":"2023-02-19 05:24:48 PM +0200"}
{"level":"error","message":"Missing Parameters Please send all Parameters ","timestamp":"2023-02-19 05:25:04 PM +0200"}
{"level":"error","message":"Missing Parameters Please send all Parameters ","timestamp":"2023-02-19 05:26:05 PM +0200"}
{"level":"error","message":"Missing Parameters Please send all Parameters ","timestamp":"2023-02-19 05:26:12 PM +0200"}
{"level":"error","message":"Missing Parameters Please send all Parameters ","timestamp":"2023-02-19 05:26:37 PM +0200"}
{"level":"error","message":"Missing Parameters Please send all Parameters ","timestamp":"2023-02-19 05:32:17 PM +0200"}
{"level":"error","message":"Missing Parameters Please send all Parameters ","timestamp":"2023-02-19 05:33:38 PM +0200"}
{"level":"error","message":"Missing Parameters Please send all Parameters ","timestamp":"2023-02-19 05:34:30 PM +0200"}
{"level":"error","message":"Missing Parameters Please send all Parameters ","timestamp":"2023-02-19 05:37:12 PM +0200"}
{"level":"error","message":"unauthorized user 63f2423ddd829490ffb87d98","timestamp":"2023-02-19 06:02:11 PM +0200"}
{"level":"error","message":"unauthorized user 63f2423ddd829490ffb87d98","timestamp":"2023-02-19 06:04:30 PM +0200"}
{"level":"error","message":"unauthorized user 63f2423ddd829490ffb87d98","timestamp":"2023-02-19 06:05:13 PM +0200"}
{"level":"error","message":"unauthorized user 63f2423ddd829490ffb87d98","timestamp":"2023-02-19 06:06:38 PM +0200"}
{"level":"error","message":"unauthorized user 63f2423ddd829490ffb87d98","timestamp":"2023-02-19 06:07:26 PM +0200"}
{"level":"error","message":"unauthorized user 63f2423ddd829490ffb87d98","timestamp":"2023-02-19 06:10:30 PM +0200"}
{"level":"error","message":"unauthorized user 63f2423ddd829490ffb87d98","timestamp":"2023-02-19 06:11:34 PM +0200"}
{"level":"error","message":"unauthorized user 63f24b442ee1c4b4b1732a30","timestamp":"2023-02-19 06:18:59 PM +0200"}
{"level":"error","message":"unauthorized user 63f24c05f4fdc7199fd2dc49","timestamp":"2023-02-19 06:19:38 PM +0200"}
{"level":"error","message":"Wrong RecycleBin id please enter correct id","timestamp":"2023-02-19 06:50:51 PM +0200"}
{"level":"error","message":"Wrong RecycleBin id please enter correct id","timestamp":"2023-02-19 06:57:03 PM +0200"}
{"level":"error","message":"Wrong RecycleBin id please enter correct id","timestamp":"2023-02-19 06:59:30 PM +0200"}
{"level":"error","message":"Wrong RecycleBin id please enter correct id","timestamp":"2023-02-19 07:00:26 PM +0200"}
{"level":"error","message":"Wrong RecycleBin id please enter correct id","timestamp":"2023-02-19 07:01:02 PM +0200"}
{"level":"error","message":"Wrong recycleBin id please enter correct id","timestamp":"2023-02-19 07:01:42 PM +0200"}
{"level":"error","message":"Wrong RecycleBin id please enter correct id","timestamp":"2023-02-19 07:02:03 PM +0200"}
{"level":"error","message":"Wrong RecycleBin id please enter correct id","timestamp":"2023-02-19 07:02:18 PM +0200"}
{"level":"error","message":"Wrong RecycleBin id please enter correct id","timestamp":"2023-02-19 07:06:04 PM +0200"}
{"level":"error","message":"Wrong RecycleBin id please enter correct id","timestamp":"2023-02-19 07:06:19 PM +0200"}
{"level":"error","message":"Wrong RecycleBin id please enter correct id","timestamp":"2023-02-19 07:07:05 PM +0200"}
{"level":"error","message":"Wrong RecycleBin id please enter correct id","timestamp":"2023-02-19 07:07:26 PM +0200"}
{"level":"error","message":"Wrong RecycleBin id please enter correct id","timestamp":"2023-02-19 07:07:45 PM +0200"}
{"level":"error","message":"Wrong RecycleBin id please enter correct id","timestamp":"2023-02-19 07:08:19 PM +0200"}
{"level":"error","message":"Wrong RecycleBin id please enter correct id","timestamp":"2023-02-19 07:14:21 PM +0200"}
{"level":"error","message":"Wrong RecycleBin id please enter correct id","timestamp":"2023-02-19 07:14:42 PM +0200"}
{"level":"error","message":"Wrong recycleBin id please enter correct id","timestamp":"2023-02-19 07:15:02 PM +0200"}
{"level":"error","message":"Wrong recycleBin id please enter correct id","timestamp":"2023-02-19 07:16:48 PM +0200"}
{"level":"error","message":"Wrong RecycleBin id please enter correct id","timestamp":"2023-02-19 07:16:58 PM +0200"}
{"level":"error","message":"Wrong RecycleBin id please enter correct id","timestamp":"2023-02-19 07:17:31 PM +0200"}
{"level":"error","message":"Wrong RecycleBin id please enter correct id","timestamp":"2023-02-19 07:18:06 PM +0200"}
{"level":"error","message":"Wrong RecycleBin id please enter correct id","timestamp":"2023-02-19 07:18:48 PM +0200"}
{"level":"error","message":"Wrong recycleBin id please enter correct id","timestamp":"2023-02-19 07:19:02 PM +0200"}
{"level":"error","message":"Wrong recycleBin id please enter correct id","timestamp":"2023-02-19 07:20:24 PM +0200"}
{"level":"error","message":"Wrong RecycleBin id please enter correct id","timestamp":"2023-02-19 07:20:35 PM +0200"}
{"level":"error","message":"Wrong user id please enter correct id","timestamp":"2023-02-19 07:56:27 PM +0200"}
{"level":"error","message":"Bad Method Request!:GET /api/coupons/","timestamp":"2023-02-20 06:29:41 PM +0200"}
{"level":"error","message":"Bad Method Request!:GET /api/coupons/","timestamp":"2023-02-20 06:29:54 PM +0200"}
{"level":"error","message":"Bad Method Request!:GET /api/coupons/","timestamp":"2023-02-20 06:37:57 PM +0200"}
{"level":"error","message":"Wrong user email please enter correct email","timestamp":"2023-02-20 06:39:07 PM +0200"}
{"level":"error","message":"Missing Parameters Please send all Parameters ","timestamp":"2023-02-22 01:11:26 PM +0200"}
{"level":"error","message":"Missing Parameters Please send all Parameters ","timestamp":"2023-02-22 01:47:37 PM +0200"}
{"level":"error","message":"Error Getting recycleBin from db:CastError: Cast to ObjectId failed for value \"63f24c33f4fdc7199fd2dc5\" (type string) at path \"_id\" for model \"RecycleBin\"","timestamp":"2023-02-22 01:47:42 PM +0200"}
{"level":"error","message":"Error Getting recycleBin from db:CastError: Cast to ObjectId failed for value \"63f24c33f4fdc7199fd2dc5\" (type string) at path \"_id\" for model \"RecycleBin\"","timestamp":"2023-02-22 01:48:38 PM +0200"}
{"level":"error","message":"Error Getting recycleBin from db:CastError: Cast to ObjectId failed for value \"63f24c33f4fdc7199fd2dc5\" (type string) at path \"_id\" for model \"RecycleBin\"","timestamp":"2023-02-22 01:49:21 PM +0200"}
{"level":"error","message":"Error Getting recycleBin from db:CastError: Cast to ObjectId failed for value \"63f24c33f4fdc7199fd2dc5\" (type string) at path \"_id\" for model \"RecycleBin\"","timestamp":"2023-02-22 01:49:27 PM +0200"}
{"level":"error","message":"Error Getting recycleBin from db:CastError: Cast to ObjectId failed for value \"63f24c33f4fdc7199fd2dc5\" (type string) at path \"_id\" for model \"RecycleBin\"","timestamp":"2023-02-22 01:49:52 PM +0200"}
{"level":"error","message":"Error Getting recycleBin from db:CastError: Cast to ObjectId failed for value \"63f24c33f4fdc7199fd2dc5\" (type string) at path \"_id\" for model \"RecycleBin\"","timestamp":"2023-02-22 01:49:57 PM +0200"}
{"level":"error","message":"Error Getting recycleBin from db:CastError: Cast to ObjectId failed for value \"63f24c33f4fdc7199fd2dc5\" (type string) at path \"_id\" for model \"RecycleBin\"","timestamp":"2023-02-22 01:50:49 PM +0200"}
{"level":"error","message":"Error Getting recycleBin from db:CastError: Cast to ObjectId failed for value \"63f24c33f4fdc7199fd2dc5\" (type string) at path \"_id\" for model \"RecycleBin\"","timestamp":"2023-02-22 01:50:54 PM +0200"}
{"level":"error","message":"Error Getting recycleBin from db:CastError: Cast to ObjectId failed for value \"NaN\" (type string) at path \"_id\" for model \"RecycleBin\"","timestamp":"2023-02-22 01:52:58 PM +0200"}
{"level":"error","message":"Error Getting recycleBin from db:CastError: Cast to ObjectId failed for value \"NaN\" (type string) at path \"_id\" for model \"RecycleBin\"","timestamp":"2023-02-22 01:53:09 PM +0200"}
{"level":"error","message":"Error Getting recycleBin from db:CastError: Cast to ObjectId failed for value \"63f24c33f4fdc7199fd2dc5\" (type string) at path \"_id\" for model \"RecycleBin\"","timestamp":"2023-02-22 01:53:56 PM +0200"}
{"level":"error","message":"Missing Parameters Please send all Parameters ","timestamp":"2023-02-22 01:58:52 PM +0200"}
{"level":"error","message":"Error Getting recycleBin from db:CastError: Cast to ObjectId failed for value \"userId=63f24c05f4fdc7199fd2dc49\" (type string) at path \"_id\" for model \"RecycleBin\"","timestamp":"2023-02-22 03:07:18 PM +0200"}
{"level":"error","message":"Error Getting recycleBin from db:CastError: Cast to ObjectId failed for value \"userId=63f24c05f4fdc7199fd2dc49\" (type string) at path \"_id\" for model \"RecycleBin\"","timestamp":"2023-02-22 03:07:21 PM +0200"}
{"level":"error","message":"Error Getting recycleBin from db:CastError: Cast to ObjectId failed for value \"userId=63f24c05f4fdc7199fd2dc49\" (type string) at path \"_id\" for model \"RecycleBin\"","timestamp":"2023-02-22 03:07:34 PM +0200"}
{"level":"error","message":"Error Getting recycleBin from db:CastError: Cast to ObjectId failed for value \"userId=63f24c05f4fdc7199fd2dc49\" (type string) at path \"_id\" for model \"RecycleBin\"","timestamp":"2023-02-22 03:08:20 PM +0200"}
{"level":"error","message":"Error Getting recycleBin from db:CastError: Cast to ObjectId failed for value \"null\" (type string) at path \"_id\" for model \"RecycleBin\"","timestamp":"2023-02-22 03:11:52 PM +0200"}
{"level":"error","message":"Error Getting recycleBin from db:CastError: Cast to ObjectId failed for value \"null\" (type string) at path \"_id\" for model \"RecycleBin\"","timestamp":"2023-02-22 03:12:00 PM +0200"}
{"level":"error","message":"Error Getting recycleBin from db:CastError: Cast to ObjectId failed for value \"null\" (type string) at path \"_id\" for model \"RecycleBin\"","timestamp":"2023-02-22 03:12:22 PM +0200"}
{"level":"error","message":"Error Getting recycleBin from db:CastError: Cast to ObjectId failed for value \"null\" (type string) at path \"_id\" for model \"RecycleBin\"","timestamp":"2023-02-22 03:12:53 PM +0200"}
{"level":"error","message":"Error Getting recycleBin from db:CastError: Cast to ObjectId failed for value \"null\" (type string) at path \"_id\" for model \"RecycleBin\"","timestamp":"2023-02-22 03:13:57 PM +0200"}
{"level":"error","message":"Error Getting recycleBin from db:CastError: Cast to ObjectId failed for value \"null\" (type string) at path \"_id\" for model \"RecycleBin\"","timestamp":"2023-02-22 03:14:15 PM +0200"}
{"level":"error","message":"Error Getting recycleBin from db:CastError: Cast to ObjectId failed for value \"null\" (type string) at path \"_id\" for model \"RecycleBin\"","timestamp":"2023-02-25 06:55:55 PM +0200"}
{"level":"error","message":"Error Getting recycleBin from db:CastError: Cast to ObjectId failed for value \"null\" (type string) at path \"_id\" for model \"RecycleBin\"","timestamp":"2023-02-25 06:56:16 PM +0200"}
{"level":"error","message":"Error Getting recycleBin from db:CastError: Cast to ObjectId failed for value \"null\" (type string) at path \"_id\" for model \"RecycleBin\"","timestamp":"2023-02-25 07:01:42 PM +0200"}
{"level":"error","message":"Error Getting recycleBin from db:CastError: Cast to ObjectId failed for value \"null\" (type string) at path \"_id\" for model \"RecycleBin\"","timestamp":"2023-02-25 07:02:33 PM +0200"}
{"level":"error","message":"Error Getting recycleBin from db:CastError: Cast to ObjectId failed for value \"null\" (type string) at path \"_id\" for model \"RecycleBin\"","timestamp":"2023-02-25 07:34:11 PM +0200"}
{"level":"error","message":"Error Getting recycleBin from db:CastError: Cast to ObjectId failed for value \"null\" (type string) at path \"_id\" for model \"RecycleBin\"","timestamp":"2023-02-25 07:37:18 PM +0200"}
{"level":"error","message":"Error Getting recycleBin from db:CastError: Cast to ObjectId failed for value \"null\" (type string) at path \"_id\" for model \"RecycleBin\"","timestamp":"2023-02-25 07:46:10 PM +0200"}
{"level":"error","message":"Error Getting recycleBin from db:CastError: Cast to ObjectId failed for value \"null\" (type string) at path \"_id\" for model \"RecycleBin\"","timestamp":"2023-02-25 08:20:50 PM +0200"}
{"level":"error","message":"Error Getting recycleBin from db:CastError: Cast to ObjectId failed for value \"null\" (type string) at path \"_id\" for model \"RecycleBin\"","timestamp":"2023-02-25 08:21:37 PM +0200"}
{"level":"error","message":"Error Getting recycleBin from db:CastError: Cast to ObjectId failed for value \"null\" (type string) at path \"_id\" for model \"RecycleBin\"","timestamp":"2023-02-26 07:02:48 PM +0200"}
{"level":"error","message":"Error Getting recycleBin from db:CastError: Cast to ObjectId failed for value \"null\" (type string) at path \"_id\" for model \"RecycleBin\"","timestamp":"2023-02-26 07:04:56 PM +0200"}
{"level":"error","message":"Error Getting recycleBin from db:CastError: Cast to ObjectId failed for value \"null\" (type string) at path \"_id\" for model \"RecycleBin\"","timestamp":"2023-02-26 07:08:08 PM +0200"}
{"level":"error","message":"Error Getting recycleBin from db:CastError: Cast to ObjectId failed for value \"null\" (type string) at path \"_id\" for model \"RecycleBin\"","timestamp":"2023-03-01 02:25:15 PM +0200"}
{"level":"error","message":"Error Getting recycleBin from db:CastError: Cast to ObjectId failed for value \"null\" (type string) at path \"_id\" for model \"RecycleBin\"","timestamp":"2023-03-01 02:33:03 PM +0200"}
{"level":"error","message":"Error Getting recycleBin from db:CastError: Cast to ObjectId failed for value \"null\" (type string) at path \"_id\" for model \"RecycleBin\"","timestamp":"2023-03-01 02:34:15 PM +0200"}
{"level":"error","message":"Error Getting recycleBin from db:CastError: Cast to ObjectId failed for value \"null\" (type string) at path \"_id\" for model \"RecycleBin\"","timestamp":"2023-03-01 02:34:59 PM +0200"}
{"level":"error","message":"Error Getting recycleBin from db:CastError: Cast to ObjectId failed for value \"null\" (type string) at path \"_id\" for model \"RecycleBin\"","timestamp":"2023-03-01 02:35:51 PM +0200"}
{"level":"error","message":"Error Getting recycleBin from db:CastError: Cast to ObjectId failed for value \"null\" (type string) at path \"_id\" for model \"RecycleBin\"","timestamp":"2023-03-01 02:38:00 PM +0200"}
{"level":"error","message":"Error Getting recycleBin from db:CastError: Cast to ObjectId failed for value \"null\" (type string) at path \"_id\" for model \"RecycleBin\"","timestamp":"2023-03-01 02:38:31 PM +0200"}
{"level":"error","message":"Error Getting recycleBin from db:CastError: Cast to ObjectId failed for value \"null\" (type string) at path \"_id\" for model \"RecycleBin\"","timestamp":"2023-03-01 02:38:35 PM +0200"}
{"level":"error","message":"Error Getting recycleBin from db:CastError: Cast to ObjectId failed for value \"null\" (type string) at path \"_id\" for model \"RecycleBin\"","timestamp":"2023-03-02 02:19:35 PM +0200"}
{"level":"error","message":"Error Getting recycleBin from db:CastError: Cast to ObjectId failed for value \"null\" (type string) at path \"_id\" for model \"RecycleBin\"","timestamp":"2023-03-02 02:21:47 PM +0200"}
{"level":"error","message":"Error Getting user from db:ReferenceError: Cannot access 'activities' before initialization","timestamp":"2023-03-02 09:10:34 PM +0200"}
{"level":"error","message":"Missing Parameters Please send all Parameters ","timestamp":"2023-03-02 09:13:33 PM +0200"}
{"level":"error","message":"Missing Parameters Please send all Parameters ","timestamp":"2023-03-02 09:15:00 PM +0200"}
{"level":"error","message":"Missing Parameters Please send all Parameters ","timestamp":"2023-03-02 09:16:04 PM +0200"}
{"level":"error","message":"Missing Parameters Please send all Parameters ","timestamp":"2023-03-02 09:31:35 PM +0200"}
{"level":"error","message":"Error Getting recycleBin from db:CastError: Cast to ObjectId failed for value \"null\" (type string) at path \"_id\" for model \"RecycleBin\"","timestamp":"2023-03-03 07:35:25 PM +0200"}
{"level":"error","message":"Error Getting recycleBin from db:CastError: Cast to ObjectId failed for value \"null\" (type string) at path \"_id\" for model \"RecycleBin\"","timestamp":"2023-03-03 07:35:30 PM +0200"}
{"level":"error","message":"Error Adding RecycleBin ","timestamp":"2023-03-06 09:02:25 PM +0200"}
{"level":"error","message":"Error Getting recycleBin from db:CastError: Cast to ObjectId failed for value \"null\" (type string) at path \"_id\" for model \"RecycleBin\"","timestamp":"2023-03-06 09:52:56 PM +0200"}
{"level":"error","message":"Error Getting recycleBin from db:CastError: Cast to ObjectId failed for value \"null\" (type string) at path \"_id\" for model \"RecycleBin\"","timestamp":"2023-03-08 07:09:57 PM +0200"}
{"level":"error","message":"connection error: TypeError [ERR_INVALID_URL]: Invalid URL","timestamp":"2023-03-08 08:19:29 PM +0200"}
{"level":"error","message":"connection error: TypeError [ERR_INVALID_URL]: Invalid URL","timestamp":"2023-03-08 08:19:47 PM +0200"}
{"level":"error","message":"connection error: TypeError [ERR_INVALID_URL]: Invalid URL","timestamp":"2023-03-08 08:22:59 PM +0200"}
{"level":"error","message":"connection error: MongooseServerSelectionError: connect ETIMEDOUT 172.31.92.12:27017","timestamp":"2023-03-08 08:23:47 PM +0200"}
{"level":"error","message":"connection error: TypeError [ERR_INVALID_URL]: Invalid URL","timestamp":"2023-03-08 08:28:02 PM +0200"}
{"level":"error","message":"connection error: MongooseServerSelectionError: connect ETIMEDOUT 172.31.46.133:27017","timestamp":"2023-03-08 08:29:52 PM +0200"}
{"level":"error","message":"connection error: MongooseServerSelectionError: connect ETIMEDOUT 172.31.92.12:27017","timestamp":"2023-03-08 09:20:37 PM +0200"}
{"level":"error","message":"connection error: MongooseServerSelectionError: connect ETIMEDOUT 172.31.92.12:27017","timestamp":"2023-03-08 09:21:33 PM +0200"}
{"level":"error","message":"connection error: MongooseServerSelectionError: connect ETIMEDOUT 172.31.46.133:27017","timestamp":"2023-03-08 09:22:13 PM +0200"}
{"level":"error","message":"connection error: MongooseServerSelectionError: connect ETIMEDOUT 172.31.46.133:27017","timestamp":"2023-03-08 09:22:52 PM +0200"}
{"level":"error","message":"connection error: MongooseServerSelectionError: connect ETIMEDOUT 172.31.46.133:27017","timestamp":"2023-03-08 09:27:22 PM +0200"}
{"level":"error","message":"Error Getting recycleBin from db:CastError: Cast to ObjectId failed for value \"null\" (type string) at path \"_id\" for model \"RecycleBin\"","timestamp":"2023-03-09 06:12:04 PM +0200"}
{"level":"error","message":"Error Getting recycleBin from db:CastError: Cast to ObjectId failed for value \"null\" (type string) at path \"_id\" for model \"RecycleBin\"","timestamp":"2023-03-09 06:16:07 PM +0200"}
{"level":"error","message":"Missing Parameters Please send all Parameters ","timestamp":"2023-03-13 09:55:35 PM +0200"}
{"level":"error","message":"Missing Parameters Please send all Parameters ","timestamp":"2023-03-13 09:58:42 PM +0200"}
{"level":"error","message":"Missing Parameters Please send all Parameters ","timestamp":"2023-03-13 10:00:44 PM +0200"}
{"level":"error","message":"Missing Parameters Please send all Parameters ","timestamp":"2023-03-13 10:01:27 PM +0200"}
{"level":"error","message":"Bad Method Request!:POST /api/users/63f24c05f4fdc7199fd2dc49/updateUser/","timestamp":"2023-03-14 08:48:58 PM +0200"}
{"level":"error","message":"unauthorized user 63f24c05f4fdc7199fd2dc49","timestamp":"2023-03-14 09:42:08 PM +0200"}
{"level":"error","message":"Bad Method Request!:DELETE /api/users/640f82380a3c9de2d9076bcb","timestamp":"2023-03-14 09:47:47 PM +0200"}
{"level":"error","message":"Bad Method Request!:DELETE /api/users/640f82380a3c9de2d9076bcb","timestamp":"2023-03-14 09:47:50 PM +0200"}
{"level":"error","message":"Bad Method Request!:DELETE /api/users/640f82380a3c9de2d9076bcb","timestamp":"2023-03-14 09:48:30 PM +0200"}
{"level":"error","message":"Bad Method Request!:DELETE /api/users/640f82380a3c9de2d9076bcb","timestamp":"2023-03-14 09:49:08 PM +0200"}
{"level":"error","message":"Wrong user email please enter correct email","timestamp":"2023-03-15 05:07:40 PM +0200"}
{"level":"error","message":"Wrong user email please enter correct email","timestamp":"2023-03-15 05:07:53 PM +0200"}
{"level":"error","message":"Wrong user email please enter correct email","timestamp":"2023-03-15 05:08:39 PM +0200"}
{"level":"error","message":"Wrong user email please enter correct email","timestamp":"2023-03-15 05:08:42 PM +0200"}
{"level":"error","message":"Missing Parameters Please send all Parameters ","timestamp":"2023-03-15 07:22:34 PM +0200"}
{"level":"error","message":"Error Getting recycleBin from db:CastError: Cast to ObjectId failed for value \"null\" (type string) at path \"_id\" for model \"RecycleBin\"","timestamp":"2023-03-16 12:59:00 PM +0200"}
{"level":"error","message":"Error Getting recycleBin from db:CastError: Cast to ObjectId failed for value \"null\" (type string) at path \"_id\" for model \"RecycleBin\"","timestamp":"2023-03-16 12:59:10 PM +0200"}
{"level":"error","message":"Error Getting recycleBin from db:CastError: Cast to ObjectId failed for value \"null\" (type string) at path \"_id\" for model \"RecycleBin\"","timestamp":"2023-03-24 04:05:00 PM +0300"}
{"level":"error","message":"Error Getting recycleBin from db:CastError: Cast to ObjectId failed for value \"null\" (type string) at path \"_id\" for model \"RecycleBin\"","timestamp":"2023-03-24 04:05:03 PM +0300"}
{"level":"error","message":"Error Getting recycleBin from db:CastError: Cast to ObjectId failed for value \"null\" (type string) at path \"_id\" for model \"RecycleBin\"","timestamp":"2023-03-24 04:57:47 PM +0300"}
{"level":"error","message":"Error Getting recycleBin from db:CastError: Cast to ObjectId failed for value \"null\" (type string) at path \"_id\" for model \"RecycleBin\"","timestamp":"2023-03-24 05:03:21 PM +0300"}
{"level":"error","message":"Error Getting recycleBin from db:CastError: Cast to ObjectId failed for value \"null\" (type string) at path \"_id\" for model \"RecycleBin\"","timestamp":"2023-03-24 05:05:00 PM +0300"}
{"level":"error","message":"Error Getting recycleBin from db:CastError: Cast to ObjectId failed for value \"null\" (type string) at path \"_id\" for model \"RecycleBin\"","timestamp":"2023-03-24 05:07:11 PM +0300"}
{"level":"error","message":"Error Getting recycleBin from db:CastError: Cast to ObjectId failed for value \"null\" (type string) at path \"_id\" for model \"RecycleBin\"","timestamp":"2023-03-24 05:07:45 PM +0300"}
{"level":"error","message":"Error Getting recycleBin from db:CastError: Cast to ObjectId failed for value \"null\" (type string) at path \"_id\" for model \"RecycleBin\"","timestamp":"2023-03-24 05:08:01 PM +0300"}
{"level":"error","message":"Error Getting recycleBin from db:CastError: Cast to ObjectId failed for value \"null\" (type string) at path \"_id\" for model \"RecycleBin\"","timestamp":"2023-03-24 05:08:03 PM +0300"}
{"level":"error","message":"Error Getting recycleBin from db:CastError: Cast to ObjectId failed for value \"null\" (type string) at path \"_id\" for model \"RecycleBin\"","timestamp":"2023-03-24 05:08:09 PM +0300"}
{"level":"error","message":"Error Getting recycleBin from db:CastError: Cast to ObjectId failed for value \"null\" (type string) at path \"_id\" for model \"RecycleBin\"","timestamp":"2023-03-24 05:08:35 PM +0300"}
{"level":"error","message":"Error Getting recycleBin from db:CastError: Cast to ObjectId failed for value \"null\" (type string) at path \"_id\" for model \"RecycleBin\"","timestamp":"2023-03-24 05:08:42 PM +0300"}
{"level":"error","message":"Error Getting recycleBin from db:CastError: Cast to ObjectId failed for value \"null\" (type string) at path \"_id\" for model \"RecycleBin\"","timestamp":"2023-03-24 05:08:57 PM +0300"}
{"level":"error","message":"Error Getting recycleBin from db:CastError: Cast to ObjectId failed for value \"null\" (type string) at path \"_id\" for model \"RecycleBin\"","timestamp":"2023-03-24 11:31:43 PM +0300"}
{"level":"error","message":"Error Getting recycleBin from db:CastError: Cast to ObjectId failed for value \"null\" (type string) at path \"_id\" for model \"RecycleBin\"","timestamp":"2023-03-24 11:31:47 PM +0300"}
{"level":"error","message":"Error Getting recycleBin from db:CastError: Cast to ObjectId failed for value \"null\" (type string) at path \"_id\" for model \"RecycleBin\"","timestamp":"2023-03-24 11:32:34 PM +0300"}
{"level":"error","message":"Error Getting recycleBin from db:CastError: Cast to ObjectId failed for value \"null\" (type string) at path \"_id\" for model \"RecycleBin\"","timestamp":"2023-03-24 11:59:04 PM +0300"}
{"level":"error","message":"Error Getting recycleBin from db:CastError: Cast to ObjectId failed for value \"null\" (type string) at path \"_id\" for model \"RecycleBin\"","timestamp":"2023-03-24 11:59:11 PM +0300"}
{"level":"error","message":"Error Getting recycleBin from db:CastError: Cast to ObjectId failed for value \"null\" (type string) at path \"_id\" for model \"RecycleBin\"","timestamp":"2023-03-25 12:46:42 AM +0300"}
{"level":"error","message":"Error Getting recycleBin from db:CastError: Cast to ObjectId failed for value \"null\" (type string) at path \"_id\" for model \"RecycleBin\"","timestamp":"2023-03-25 12:46:49 AM +0300"}
{"level":"error","message":"Error Getting recycleBin from db:CastError: Cast to ObjectId failed for value \"null\" (type string) at path \"_id\" for model \"RecycleBin\"","timestamp":"2023-03-25 01:33:53 AM +0300"}
{"level":"error","message":"Error Getting recycleBin from db:CastError: Cast to ObjectId failed for value \"null\" (type string) at path \"_id\" for model \"RecycleBin\"","timestamp":"2023-03-25 01:40:01 AM +0300"}
{"level":"error","message":"Error Getting recycleBin from db:CastError: Cast to ObjectId failed for value \"null\" (type string) at path \"_id\" for model \"RecycleBin\"","timestamp":"2023-03-25 01:41:34 AM +0300"}
{"level":"error","message":"Error Getting recycleBin from db:CastError: Cast to ObjectId failed for value \"null\" (type string) at path \"_id\" for model \"RecycleBin\"","timestamp":"2023-03-25 01:43:20 AM +0300"}
{"level":"error","message":"Error Getting recycleBin from db:CastError: Cast to ObjectId failed for value \"null\" (type string) at path \"_id\" for model \"RecycleBin\"","timestamp":"2023-03-25 01:54:48 AM +0300"}
{"level":"error","message":"Error Getting recycleBin from db:CastError: Cast to ObjectId failed for value \"null\" (type string) at path \"_id\" for model \"RecycleBin\"","timestamp":"2023-03-25 01:56:53 AM +0300"}
{"level":"error","message":"Error Getting recycleBin from db:CastError: Cast to ObjectId failed for value \"null\" (type string) at path \"_id\" for model \"RecycleBin\"","timestamp":"2023-03-25 01:58:22 AM +0300"}
{"level":"error","message":"Missing Parameters Please send all Parameters ","timestamp":"2023-03-25 01:58:33 AM +0300"}
{"level":"error","message":"Error Getting recycleBin from db:CastError: Cast to ObjectId failed for value \"null\" (type string) at path \"_id\" for model \"RecycleBin\"","timestamp":"2023-03-25 02:05:17 AM +0300"}
{"level":"error","message":"Missing Parameters Please send all Parameters ","timestamp":"2023-03-25 02:05:41 AM +0300"}
{"level":"error","message":"Error Getting recycleBin from db:CastError: Cast to ObjectId failed for value \"null\" (type string) at path \"_id\" for model \"RecycleBin\"","timestamp":"2023-03-25 02:05:51 AM +0300"}
{"level":"error","message":"Error Getting recycleBin from db:CastError: Cast to ObjectId failed for value \"null\" (type string) at path \"_id\" for model \"RecycleBin\"","timestamp":"2023-03-25 02:11:37 AM +0300"}
{"level":"error","message":"Error Getting recycleBin from db:CastError: Cast to ObjectId failed for value \"null\" (type string) at path \"_id\" for model \"RecycleBin\"","timestamp":"2023-03-25 02:13:24 AM +0300"}
{"level":"error","message":"Error Getting recycleBin from db:CastError: Cast to ObjectId failed for value \"null\" (type string) at path \"_id\" for model \"RecycleBin\"","timestamp":"2023-03-25 02:20:13 AM +0300"}
{"level":"error","message":"Error Getting recycleBin from db:CastError: Cast to ObjectId failed for value \"null\" (type string) at path \"_id\" for model \"RecycleBin\"","timestamp":"2023-03-25 02:28:59 AM +0300"}
{"level":"error","message":"Error Getting recycleBin from db:CastError: Cast to ObjectId failed for value \"null\" (type string) at path \"_id\" for model \"RecycleBin\"","timestamp":"2023-03-25 02:29:25 AM +0300"}
{"level":"error","message":"Error Getting recycleBin from db:CastError: Cast to ObjectId failed for value \"null\" (type string) at path \"_id\" for model \"RecycleBin\"","timestamp":"2023-03-25 02:33:46 AM +0300"}
{"level":"error","message":"Error Getting recycleBin from db:CastError: Cast to ObjectId failed for value \"null\" (type string) at path \"_id\" for model \"RecycleBin\"","timestamp":"2023-03-25 02:39:04 AM +0300"}
{"level":"error","message":"Missing Parameters Please send all Parameters ","timestamp":"2023-03-25 02:43:16 AM +0300"}
{"level":"error","message":"Error Getting recycleBin from db:CastError: Cast to ObjectId failed for value \"null\" (type string) at path \"_id\" for model \"RecycleBin\"","timestamp":"2023-03-25 02:43:18 AM +0300"}
{"level":"error","message":"Error Getting recycleBin from db:CastError: Cast to ObjectId failed for value \"null\" (type string) at path \"_id\" for model \"RecycleBin\"","timestamp":"2023-03-25 02:48:50 AM +0300"}
{"level":"error","message":"Error Getting recycleBin from db:CastError: Cast to ObjectId failed for value \"null\" (type string) at path \"_id\" for model \"RecycleBin\"","timestamp":"2023-03-25 02:51:08 AM +0300"}
{"level":"error","message":"Error Getting recycleBin from db:CastError: Cast to ObjectId failed for value \"null\" (type string) at path \"_id\" for model \"RecycleBin\"","timestamp":"2023-03-25 02:52:50 AM +0300"}
{"level":"error","message":"Missing Parameters Please send all Parameters ","timestamp":"2023-03-25 02:53:44 AM +0300"}
{"level":"error","message":"Error Getting recycleBin from db:CastError: Cast to ObjectId failed for value \"null\" (type string) at path \"_id\" for model \"RecycleBin\"","timestamp":"2023-03-25 02:53:47 AM +0300"}
{"level":"error","message":"Missing Parameters Please send all Parameters ","timestamp":"2023-03-25 02:53:55 AM +0300"}
{"level":"error","message":"Error Getting recycleBin from db:CastError: Cast to ObjectId failed for value \"null\" (type string) at path \"_id\" for model \"RecycleBin\"","timestamp":"2023-03-25 02:53:57 AM +0300"}
{"level":"error","message":"Missing Parameters Please send all Parameters ","timestamp":"2023-03-25 02:59:17 AM +0300"}
{"level":"error","message":"Error Getting recycleBin from db:CastError: Cast to ObjectId failed for value \"null\" (type string) at path \"_id\" for model \"RecycleBin\"","timestamp":"2023-03-25 02:59:19 AM +0300"}
{"level":"error","message":"Error Getting recycleBin from db:CastError: Cast to ObjectId failed for value \"null\" (type string) at path \"_id\" for model \"RecycleBin\"","timestamp":"2023-03-25 04:17:12 AM +0300"}
{"level":"error","message":"Missing Parameters Please send all Parameters ","timestamp":"2023-03-25 04:19:28 AM +0300"}
{"level":"error","message":"Error Getting recycleBin from db:CastError: Cast to ObjectId failed for value \"null\" (type string) at path \"_id\" for model \"RecycleBin\"","timestamp":"2023-03-25 04:20:05 AM +0300"}
{"level":"error","message":"Missing Parameters Please send all Parameters ","timestamp":"2023-03-25 04:20:42 AM +0300"}
{"level":"error","message":"Error Getting recycleBin from db:CastError: Cast to ObjectId failed for value \"null\" (type string) at path \"_id\" for model \"RecycleBin\"","timestamp":"2023-03-25 04:21:13 AM +0300"}
{"level":"error","message":"Missing Parameters Please send all Parameters ","timestamp":"2023-03-25 04:21:46 AM +0300"}
{"level":"error","message":"Error Getting recycleBin from db:CastError: Cast to ObjectId failed for value \"null\" (type string) at path \"_id\" for model \"RecycleBin\"","timestamp":"2023-03-25 10:34:28 PM +0300"}
{"level":"error","message":"Error Getting recycleBin from db:CastError: Cast to ObjectId failed for value \"null\" (type string) at path \"_id\" for model \"RecycleBin\"","timestamp":"2023-03-25 11:19:31 PM +0300"}
{"level":"error","message":"Error Getting recycleBin from db:CastError: Cast to ObjectId failed for value \"null\" (type string) at path \"_id\" for model \"RecycleBin\"","timestamp":"2023-03-25 11:23:48 PM +0300"}
{"level":"error","message":"Error Getting recycleBin from db:CastError: Cast to ObjectId failed for value \"null\" (type string) at path \"_id\" for model \"RecycleBin\"","timestamp":"2023-03-25 11:30:56 PM +0300"}
{"level":"error","message":"Error Getting recycleBin from db:CastError: Cast to ObjectId failed for value \"null\" (type string) at path \"_id\" for model \"RecycleBin\"","timestamp":"2023-03-25 11:32:35 PM +0300"}
{"level":"error","message":"Error Getting recycleBin from db:CastError: Cast to ObjectId failed for value \"null\" (type string) at path \"_id\" for model \"RecycleBin\"","timestamp":"2023-03-25 11:33:46 PM +0300"}
{"level":"error","message":"Missing Parameters Please send all Parameters ","timestamp":"2023-03-25 11:34:24 PM +0300"}
{"level":"error","message":"Error Getting recycleBin from db:CastError: Cast to ObjectId failed for value \"null\" (type string) at path \"_id\" for model \"RecycleBin\"","timestamp":"2023-03-25 11:34:32 PM +0300"}
{"level":"error","message":"Missing Parameters Please send all Parameters ","timestamp":"2023-03-25 11:36:40 PM +0300"}
{"level":"error","message":"Error Getting recycleBin from db:CastError: Cast to ObjectId failed for value \"null\" (type string) at path \"_id\" for model \"RecycleBin\"","timestamp":"2023-04-17 01:33:01 PM +0300"}
{"level":"error","message":"Error Getting recycleBin from db:CastError: Cast to ObjectId failed for value \"null\" (type string) at path \"_id\" for model \"RecycleBin\"","timestamp":"2023-04-17 01:33:08 PM +0300"}
{"level":"error","message":"connection error: MongooseError: The `uri` parameter to `openUri()` must be a string, got \"undefined\". Make sure the first parameter to `mongoose.connect()` or `mongoose.createConnection()` is a string.","timestamp":"2023-05-04 03:12:31 PM +0300"}
{"level":"error","message":"Error Getting recycleBin from db:CastError: Cast to ObjectId failed for value \"null\" (type string) at path \"_id\" for model \"RecycleBin\"","timestamp":"2023-05-04 04:50:20 PM +0300"}
{"level":"error","message":"Error Getting recycleBin from db:CastError: Cast to ObjectId failed for value \"null\" (type string) at path \"_id\" for model \"RecycleBin\"","timestamp":"2023-05-04 04:50:31 PM +0300"}
{"level":"error","message":"Bad Method Request!:PUT /api/users//updateProfileUser/","timestamp":"2023-05-05 04:33:06 PM +0300"}
{"level":"error","message":"Error Getting recycleBin from db:CastError: Cast to ObjectId failed for value \"null\" (type string) at path \"_id\" for model \"RecycleBin\"","timestamp":"2023-05-15 07:49:27 PM +0300"}
{"level":"error","message":"Error Getting recycleBin from db:CastError: Cast to ObjectId failed for value \"null\" (type string) at path \"_id\" for model \"RecycleBin\"","timestamp":"2023-05-15 07:49:41 PM +0300"}
{"level":"error","message":"Error Getting recycleBin from db:CastError: Cast to ObjectId failed for value \"null\" (type string) at path \"_id\" for model \"RecycleBin\"","timestamp":"2023-05-15 07:52:04 PM +0300"}
{"level":"error","message":"Error Getting recycleBin from db:CastError: Cast to ObjectId failed for value \"null\" (type string) at path \"_id\" for model \"RecycleBin\"","timestamp":"2023-05-15 07:52:45 PM +0300"}
{"level":"error","message":"Error Getting recycleBin from db:CastError: Cast to ObjectId failed for value \"null\" (type string) at path \"_id\" for model \"RecycleBin\"","timestamp":"2023-05-15 07:52:53 PM +0300"}
{"level":"error","message":"Error Getting recycleBin from db:CastError: Cast to ObjectId failed for value \"null\" (type string) at path \"_id\" for model \"RecycleBin\"","timestamp":"2023-05-15 07:54:59 PM +0300"}
{"level":"error","message":"Error Getting recycleBin from db:CastError: Cast to ObjectId failed for value \"null\" (type string) at path \"_id\" for model \"RecycleBin\"","timestamp":"2023-05-15 07:55:15 PM +0300"}
{"level":"error","message":"Error Getting recycleBin from db:CastError: Cast to ObjectId failed for value \"null\" (type string) at path \"_id\" for model \"RecycleBin\"","timestamp":"2023-05-15 09:21:17 PM +0300"}
{"level":"error","message":"Error Getting recycleBin from db:CastError: Cast to ObjectId failed for value \"null\" (type string) at path \"_id\" for model \"RecycleBin\"","timestamp":"2023-05-15 09:21:22 PM +0300"}
{"level":"error","message":"Error Getting recycleBin from db:CastError: Cast to ObjectId failed for value \"null\" (type string) at path \"_id\" for model \"RecycleBin\"","timestamp":"2023-05-15 11:00:32 PM +0300"}
{"level":"error","message":"Error Getting recycleBin from db:CastError: Cast to ObjectId failed for value \"null\" (type string) at path \"_id\" for model \"RecycleBin\"","timestamp":"2023-05-15 11:01:07 PM +0300"}
{"level":"error","message":"Error Getting user from db:MongooseError: Operation `users.findOne()` buffering timed out after 10000ms","timestamp":"2023-05-16 07:26:03 PM +0300"}
{"level":"error","message":"Error Getting recycleBin from db:CastError: Cast to ObjectId failed for value \"null\" (type string) at path \"_id\" for model \"RecycleBin\"","timestamp":"2023-05-16 09:09:01 PM +0300"}
{"level":"error","message":"Error Getting recycleBin from db:CastError: Cast to ObjectId failed for value \"null\" (type string) at path \"_id\" for model \"RecycleBin\"","timestamp":"2023-05-16 09:10:37 PM +0300"}
{"level":"error","message":"Error Getting recycleBin from db:CastError: Cast to ObjectId failed for value \"null\" (type string) at path \"_id\" for model \"RecycleBin\"","timestamp":"2023-05-17 12:32:47 AM +0300"}
{"level":"error","message":"Error Getting recycleBin from db:CastError: Cast to ObjectId failed for value \"null\" (type string) at path \"_id\" for model \"RecycleBin\"","timestamp":"2023-05-17 12:33:15 AM +0300"}
{"level":"error","message":"Wrong user email please enter correct email","timestamp":"2023-05-17 12:36:56 AM +0300"}
{"level":"error","message":"Error Getting recycleBin from db:CastError: Cast to ObjectId failed for value \"null\" (type string) at path \"_id\" for model \"RecycleBin\"","timestamp":"2023-05-17 12:37:47 AM +0300"}
{"level":"error","message":"Error Getting recycleBin from db:CastError: Cast to ObjectId failed for value \"null\" (type string) at path \"_id\" for model \"RecycleBin\"","timestamp":"2023-05-17 12:45:46 AM +0300"}
{"level":"error","message":"Error Getting recycleBin from db:CastError: Cast to ObjectId failed for value \"null\" (type string) at path \"_id\" for model \"RecycleBin\"","timestamp":"2023-05-17 01:23:07 AM +0300"}
{"level":"error","message":"Error Getting recycleBin from db:CastError: Cast to ObjectId failed for value \"null\" (type string) at path \"_id\" for model \"RecycleBin\"","timestamp":"2023-05-17 01:26:37 AM +0300"}
{"level":"error","message":"Error Getting recycleBin from db:CastError: Cast to ObjectId failed for value \"null\" (type string) at path \"_id\" for model \"RecycleBin\"","timestamp":"2023-05-17 01:59:07 AM +0300"}
{"level":"error","message":"Bad Method Request!:POST /api/users/63f24c05f4fdc7199fd2dc49/reports/","timestamp":"2023-05-17 06:56:58 AM +0300"}
{"level":"error","message":"Bad Method Request!:POST /api/users/63f24c05f4fdc7199fd2dc49/reports/","timestamp":"2023-05-17 09:33:51 AM +0300"}
{"level":"error","message":"Bad Method Request!:POST /api/users/63f24c05f4fdc7199fd2dc49/reports/","timestamp":"2023-05-17 10:01:36 AM +0300"}
{"level":"error","message":"Bad Method Request!:POST /api/users/63f24c05f4fdc7199fd2dc49/reports/","timestamp":"2023-05-17 10:50:56 AM +0300"}
{"level":"error","message":"Wrong user email please enter correct email","timestamp":"2023-05-17 02:32:17 PM +0300"}
{"level":"error","message":"connection error: Error: querySrv ECONNREFUSED _mongodb._tcp.creditrecyclecluster.sqquam8.mongodb.net","timestamp":"2023-05-17 05:42:27 PM +0300"}
{"level":"error","message":"Bad Method Request!:POST /api/users/63f24c05f4fdc7199fd2dc49/reports/","timestamp":"2023-05-17 06:08:40 PM +0300"}
{"level":"error","message":"Bad Method Request!:POST /api/users/63f24c05f4fdc7199fd2dc49/reports/","timestamp":"2023-05-17 06:19:31 PM +0300"}
{"level":"error","message":"Bad Method Request!:POST /api/users/63f24c05f4fdc7199fd2dc49/reports/","timestamp":"2023-05-17 06:23:21 PM +0300"}
